android/Fitachi/app/build/outputs/logs/manifest-merger-debug-report.txt
-- Merging decision tree log ---
manifest
ADDED from src\main\AndroidManifest.xml:2:1-26:12
	package
		ADDED from src\main\AndroidManifest.xml:2:70-108
		INJECTED from src\main\AndroidManifest.xml
		INJECTED from src\main\AndroidManifest.xml
	android:versionName
		ADDED from src\main\AndroidManifest.xml:2:109-134
		INJECTED from src\main\AndroidManifest.xml
		INJECTED from src\main\AndroidManifest.xml
	android:versionCode
		ADDED from src\main\AndroidManifest.xml:2:135-158
		INJECTED from src\main\AndroidManifest.xml
		INJECTED from src\main\AndroidManifest.xml
	xmlns:android
		ADDED from src\main\AndroidManifest.xml:2:11-69
	android:installLocation
		ADDED from src\main\AndroidManifest.xml:2:159-199
supports-screens
ADDED from src\main\AndroidManifest.xml:3:3-163
	android:largeScreens
		ADDED from src\main\AndroidManifest.xml:3:78-105
	android:smallScreens
		ADDED from src\main\AndroidManifest.xml:3:21-48
	android:normalScreens
		ADDED from src\main\AndroidManifest.xml:3:49-77
	android:xlargeScreens
		ADDED from src\main\AndroidManifest.xml:3:106-134
	android:anyDensity
		ADDED from src\main\AndroidManifest.xml:3:135-160
application
ADDED from src\main\AndroidManifest.xml:4:3-19:17
	android:label
		ADDED from src\main\AndroidManifest.xml:4:92-124
	android:debuggable
		ADDED from src\main\AndroidManifest.xml:4:125-151
	android:icon
		ADDED from src\main\AndroidManifest.xml:4:58-91
	android:banner
		ADDED from src\main\AndroidManifest.xml:4:174-211
	android:theme
		ADDED from src\main\AndroidManifest.xml:4:16-57
	android:isGame
		ADDED from src\main\AndroidManifest.xml:4:152-173
activity#edu.ucf.fiea.gamelab.fitachi.UnityPlayerActivity
ADDED from src\main\AndroidManifest.xml:5:5-18:16
	android:screenOrientation
		ADDED from src\main\AndroidManifest.xml:5:48-86
	android:label
		ADDED from src\main\AndroidManifest.xml:5:15-47
	android:launchMode
		ADDED from src\main\AndroidManifest.xml:5:87-118
	android:configChanges
		ADDED from src\main\AndroidManifest.xml:5:119-276
	android:name
		ADDED from src\main\AndroidManifest.xml:5:277-340
intent-filter#android.intent.action.MAIN+android.intent.category.LAUNCHER+android.intent.category.LEANBACK_LAUNCHER
ADDED from src\main\AndroidManifest.xml:6:7-10:23
action#android.intent.action.MAIN
ADDED from src\main\AndroidManifest.xml:7:9-61
	android:name
		ADDED from src\main\AndroidManifest.xml:7:17-58
category#android.intent.category.LAUNCHER
ADDED from src\main\AndroidManifest.xml:8:9-69
	android:name
		ADDED from src\main\AndroidManifest.xml:8:19-66
category#android.intent.category.LEANBACK_LAUNCHER
ADDED from src\main\AndroidManifest.xml:9:9-78
	android:name
		ADDED from src\main\AndroidManifest.xml:9:19-75
intent-filter#android.intent.action.VIEW+android.intent.category.BROWSABLE+android.intent.category.DEFAULT
ADDED from src\main\AndroidManifest.xml:11:7-16:23
action#android.intent.action.VIEW
ADDED from src\main\AndroidManifest.xml:12:9-61
	android:name
		ADDED from src\main\AndroidManifest.xml:12:17-58
category#android.intent.category.DEFAULT
ADDED from src\main\AndroidManifest.xml:13:9-68
	android:name
		ADDED from src\main\AndroidManifest.xml:13:19-65
category#android.intent.category.BROWSABLE
ADDED from src\main\AndroidManifest.xml:14:9-70
	android:name
		ADDED from src\main\AndroidManifest.xml:14:19-67
data
ADDED from src\main\AndroidManifest.xml:15:9-60
	android:host
		ADDED from src\main\AndroidManifest.xml:15:40-57
	android:scheme
		ADDED from src\main\AndroidManifest.xml:15:15-39
meta-data#unityplayer.UnityActivity
ADDED from src\main\AndroidManifest.xml:17:7-82
	android:value
		ADDED from src\main\AndroidManifest.xml:17:59-79
	android:name
		ADDED from src\main\AndroidManifest.xml:17:18-58
uses-sdk
ADDED from src\main\AndroidManifest.xml:20:3-71
	android:targetSdkVersion
		ADDED from src\main\AndroidManifest.xml:20:39-68
		INJECTED from src\main\AndroidManifest.xml
		INJECTED from src\main\AndroidManifest.xml
	android:minSdkVersion
		ADDED from src\main\AndroidManifest.xml:20:13-38
		INJECTED from src\main\AndroidManifest.xml
		INJECTED from src\main\AndroidManifest.xml
uses-feature#0x00020000
ADDED from src\main\AndroidManifest.xml:21:3-52
	android:glEsVersion
		ADDED from src\main\AndroidManifest.xml:21:17-49
uses-permission#android.permission.INTERNET
ADDED from src\main\AndroidManifest.xml:22:3-65
	android:name
		ADDED from src\main\AndroidManifest.xml:22:20-62
uses-feature#android.hardware.touchscreen
ADDED from src\main\AndroidManifest.xml:23:3-88
	android:required
		ADDED from src\main\AndroidManifest.xml:23:61-85
	android:name
		ADDED from src\main\AndroidManifest.xml:23:17-60
uses-feature#android.hardware.touchscreen.multitouch
ADDED from src\main\AndroidManifest.xml:24:3-99
	android:required
		ADDED from src\main\AndroidManifest.xml:24:72-96
	android:name
		ADDED from src\main\AndroidManifest.xml:24:17-71
uses-feature#android.hardware.touchscreen.multitouch.distinct
ADDED from src\main\AndroidManifest.xml:25:3-108
	android:required
		ADDED from src\main\AndroidManifest.xml:25:81-105
	android:name
		ADDED from src\main\AndroidManifest.xml:25:17-80